<?xml version="1.0" encoding="UTF-8"?>
<!-- Generated by org.testng.reporters.JUnitReportReporter -->
<testsuite skipped="0" hostname="Hp-PC" name="Demo.LaunchBrowser" tests="1" failures="0" timestamp="2019-10-07T18:06:05 IST" time="5.561" errors="0">
  <testcase name="OpenUrl" time="5.561" classname="Demo.LaunchBrowser"/>
</testsuite> <!-- Demo.LaunchBrowser -->
